<?xml version="1.0" encoding="UTF-8"?>
<testsuite name="edu.coursera.concurrent.ListSetTest" time="942.279" tests="6" errors="0" skipped="0" failures="4">
  <properties>
[...]
</properties>
  <testcase name="testCoarseGrainedLockingRandomLarge" classname="edu.coursera.concurrent.ListSetTest" time="377.937">
    <failure message="Expected contains throughput to remain similar (at least 0.700000x) with locks, but found 0.682251x" type="junit.framework.AssertionFailedError">junit.framework.AssertionFailedError: Expected contains throughput to remain similar (at least 0.700000x) with locks, but found 0.682251x
	at junit.framework.Assert.fail(Assert.java:47)
	at junit.framework.Assert.assertTrue(Assert.java:20)
	at edu.coursera.concurrent.ListSetTest.testCoarseGrainedLockingHelper(ListSetTest.java:177)
	at edu.coursera.concurrent.ListSetTest.testCoarseGrainedLockingRandomLarge(ListSetTest.java:52)
</failure>
    <system-out><![CDATA[=========================================================
CoarseList vs. SyncList (Large Random)
=========================================================
# threads = 8
0.6479556231546927x improvement in add throughput (17.674187401618294 -> 11.4520891115684)
0.6822509062574109x improvement in contains throughput (7.945178269937432 -> 5.420605075041501)
0.766526776007388x improvement in remove throughput (9.760412377422947 -> 7.481617432168617)
=========================================================
]]></system-out>
  </testcase>
  <testcase name="testCoarseGrainedLockingRepeatingLarge" classname="edu.coursera.concurrent.ListSetTest" time="84.327">
    <failure message="Expected remove throughput to remain similar (at least 0.600000x) with locks, but found 0.425216x" type="junit.framework.AssertionFailedError">junit.framework.AssertionFailedError: Expected remove throughput to remain similar (at least 0.600000x) with locks, but found 0.425216x
	at junit.framework.Assert.fail(Assert.java:47)
	at junit.framework.Assert.assertTrue(Assert.java:20)
	at edu.coursera.concurrent.ListSetTest.testCoarseGrainedLockingHelper(ListSetTest.java:182)
	at edu.coursera.concurrent.ListSetTest.testCoarseGrainedLockingRepeatingLarge(ListSetTest.java:69)
</failure>
    <system-out><![CDATA[=========================================================
CoarseList vs. SyncList (Large Repeating)
=========================================================
# threads = 8
0.7894634462635759x improvement in add throughput (157.69372921029938 -> 124.49343491651807)
0.9248566189380047x improvement in contains throughput (161.9911411094706 -> 149.8185790644142)
0.425215723873442x improvement in remove throughput (2164.599774520857 -> 920.4218600191755)
=========================================================
]]></system-out>
  </testcase>
  <testcase name="testReadWriteLocksRandomLarge" classname="edu.coursera.concurrent.ListSetTest" time="301.979"/>
  <testcase name="testReadWriteLocksRandomSmall" classname="edu.coursera.concurrent.ListSetTest" time="69.688"/>
  <testcase name="testReadWriteLocksRepeatingLarge" classname="edu.coursera.concurrent.ListSetTest" time="71.006">
    <failure message="Expected remove throughput improvement to be at least 0.500000x with read-write locks, but found 0.186800x" type="junit.framework.AssertionFailedError">junit.framework.AssertionFailedError: Expected remove throughput improvement to be at least 0.500000x with read-write locks, but found 0.186800x
	at junit.framework.Assert.fail(Assert.java:47)
	at junit.framework.Assert.assertTrue(Assert.java:20)
	at edu.coursera.concurrent.ListSetTest.testReadWriteLocksHelper(ListSetTest.java:229)
	at edu.coursera.concurrent.ListSetTest.testReadWriteLocksRepeatingLarge(ListSetTest.java:117)
</failure>
    <system-out><![CDATA[=========================================================
RWCoarseList vs. SyncList (Large Repeating)
=========================================================
# threads = 8
0.8384132288545749x improvement in add throughput (131.94516029275331 -> 110.62456787278175)
5.954288522978619x improvement in contains throughput (158.49430411094602 -> 943.7208159252888)
0.18680046314164417x improvement in remove throughput (3966.9421487603304 -> 741.0266306445388)
=========================================================
]]></system-out>
  </testcase>
  <testcase name="testReadWriteLocksRepeatingSmall" classname="edu.coursera.concurrent.ListSetTest" time="37.342">
    <failure message="Expected remove throughput improvement to be at least 0.400000x with read-write locks, but found 0.251959x" type="junit.framework.AssertionFailedError">junit.framework.AssertionFailedError: Expected remove throughput improvement to be at least 0.400000x with read-write locks, but found 0.251959x
	at junit.framework.Assert.fail(Assert.java:47)
	at junit.framework.Assert.assertTrue(Assert.java:20)
	at edu.coursera.concurrent.ListSetTest.testReadWriteLocksHelper(ListSetTest.java:229)
	at edu.coursera.concurrent.ListSetTest.testReadWriteLocksRepeatingSmall(ListSetTest.java:133)
</failure>
    <system-out><![CDATA[=========================================================
RWCoarseList vs. SyncList (Small Repeating)
=========================================================
# threads = 8
0.789272030651341x improvement in add throughput (143.39058999253174 -> 113.17418213969938)
5.386843397152675x improvement in contains throughput (174.9749384853732 -> 942.5625920471281)
0.25195868945868943x improvement in remove throughput (1356.8904593639577 -> 341.88034188034186)
=========================================================
]]></system-out>
  </testcase>
</testsuite>